<?xml version="1.0" encoding="UTF-8"?>
<testng-results skipped="3" failed="0" ignored="0" total="3" passed="0">
  <reporter-output>
  </reporter-output>
  <suite name="Suite_parallel" duration-ms="10368" started-at="2021-07-20T01:03:15Z" finished-at="2021-07-20T01:03:25Z">
    <groups>
    </groups>
    <test name="Test" duration-ms="10368" started-at="2021-07-20T01:03:15Z" finished-at="2021-07-20T01:03:25Z">
      <class name="TestCases.Parallel">
        <test-method status="FAIL" signature="browserlaunch()[pri:0, instance:TestCases.Parallel@3e6fa38a]" name="browserlaunch" is-config="true" duration-ms="10298" started-at="2021-07-20T01:03:15Z" finished-at="2021-07-20T01:03:25Z">
          <exception class="org.openqa.selenium.SessionNotCreatedException">
            <message>
              <![CDATA[session not created: This version of ChromeDriver only supports Chrome version 89
Current browser version is 91.0.4472.124 with binary path C:\Program Files\Google\Chrome\Application\chrome.exe
Build info: version: '3.141.5', revision: 'd54ebd709a', time: '2018-11-06T11:42:16'
System info: host: 'RAMMAHI-PC', ip: '192.168.0.5', os.name: 'Windows 7', os.arch: 'amd64', os.version: '6.1', java.version: '1.8.0_131'
Driver info: driver.version: ChromeDriver
remote stacktrace: Backtrace:
Ordinal0 [0x00AAE7D3+124883]
Ordinal0 [0x00AAE7B1+124849]
GetHandleVerifier [0x00CF8688+193832]
GetHandleVerifier [0x00D13AC5+305509]
GetHandleVerifier [0x00D1021B+291003]
GetHandleVerifier [0x00D0E0AC+282444]
GetHandleVerifier [0x00D34A90+440624]
GetHandleVerifier [0x00D347FC+439964]
GetHandleVerifier [0x00D3154B+426987]
GetHandleVerifier [0x00D14FFD+310941]
GetHandleVerifier [0x00D15D8E+314414]
GetHandleVerifier [0x00D15D19+314297]
GetHandleVerifier [0x00DD31EC+1089676]
GetHandleVerifier [0x00DD17C9+1082985]
GetHandleVerifier [0x00DD13A3+1081923]
GetHandleVerifier [0x00ECD9FD+2115741]
Ordinal0 [0x00BFB82E+1488942]
Ordinal0 [0x00B95A7D+1071741]
Ordinal0 [0x00B9559B+1070491]
Ordinal0 [0x00B954B1+1070257]
Ordinal0 [0x00BCFF53+1310547]
BaseThreadInitThunk [0x758E336A+18]
RtlInitializeExceptionChain [0x77D49F72+99]
RtlInitializeExceptionChain [0x77D49F45+54]
]]>
            </message>
            <full-stacktrace>
              <![CDATA[org.openqa.selenium.SessionNotCreatedException: session not created: This version of ChromeDriver only supports Chrome version 89
Current browser version is 91.0.4472.124 with binary path C:\Program Files\Google\Chrome\Application\chrome.exe
Build info: version: '3.141.5', revision: 'd54ebd709a', time: '2018-11-06T11:42:16'
System info: host: 'RAMMAHI-PC', ip: '192.168.0.5', os.name: 'Windows 7', os.arch: 'amd64', os.version: '6.1', java.version: '1.8.0_131'
Driver info: driver.version: ChromeDriver
remote stacktrace: Backtrace:
Ordinal0 [0x00AAE7D3+124883]
Ordinal0 [0x00AAE7B1+124849]
GetHandleVerifier [0x00CF8688+193832]
GetHandleVerifier [0x00D13AC5+305509]
GetHandleVerifier [0x00D1021B+291003]
GetHandleVerifier [0x00D0E0AC+282444]
GetHandleVerifier [0x00D34A90+440624]
GetHandleVerifier [0x00D347FC+439964]
GetHandleVerifier [0x00D3154B+426987]
GetHandleVerifier [0x00D14FFD+310941]
GetHandleVerifier [0x00D15D8E+314414]
GetHandleVerifier [0x00D15D19+314297]
GetHandleVerifier [0x00DD31EC+1089676]
GetHandleVerifier [0x00DD17C9+1082985]
GetHandleVerifier [0x00DD13A3+1081923]
GetHandleVerifier [0x00ECD9FD+2115741]
Ordinal0 [0x00BFB82E+1488942]
Ordinal0 [0x00B95A7D+1071741]
Ordinal0 [0x00B9559B+1070491]
Ordinal0 [0x00B954B1+1070257]
Ordinal0 [0x00BCFF53+1310547]
BaseThreadInitThunk [0x758E336A+18]
RtlInitializeExceptionChain [0x77D49F72+99]
RtlInitializeExceptionChain [0x77D49F45+54]

at sun.reflect.NativeConstructorAccessorImpl.newInstance0(Native Method)
at sun.reflect.NativeConstructorAccessorImpl.newInstance(Unknown Source)
at sun.reflect.DelegatingConstructorAccessorImpl.newInstance(Unknown Source)
at java.lang.reflect.Constructor.newInstance(Unknown Source)
at org.openqa.selenium.remote.W3CHandshakeResponse.lambda$errorHandler$0(W3CHandshakeResponse.java:62)
at org.openqa.selenium.remote.HandshakeResponse.lambda$getResponseFunction$0(HandshakeResponse.java:30)
at org.openqa.selenium.remote.ProtocolHandshake.lambda$createSession$0(ProtocolHandshake.java:123)
at java.util.stream.ReferencePipeline$3$1.accept(Unknown Source)
at java.util.Spliterators$ArraySpliterator.tryAdvance(Unknown Source)
at java.util.stream.ReferencePipeline.forEachWithCancel(Unknown Source)
at java.util.stream.AbstractPipeline.copyIntoWithCancel(Unknown Source)
at java.util.stream.AbstractPipeline.copyInto(Unknown Source)
at java.util.stream.AbstractPipeline.wrapAndCopyInto(Unknown Source)
at java.util.stream.FindOps$FindOp.evaluateSequential(Unknown Source)
at java.util.stream.AbstractPipeline.evaluate(Unknown Source)
at java.util.stream.ReferencePipeline.findFirst(Unknown Source)
at org.openqa.selenium.remote.ProtocolHandshake.createSession(ProtocolHandshake.java:125)
at org.openqa.selenium.remote.ProtocolHandshake.createSession(ProtocolHandshake.java:74)
at org.openqa.selenium.remote.HttpCommandExecutor.execute(HttpCommandExecutor.java:136)
at org.openqa.selenium.remote.service.DriverCommandExecutor.execute(DriverCommandExecutor.java:83)
at org.openqa.selenium.remote.RemoteWebDriver.execute(RemoteWebDriver.java:552)
at org.openqa.selenium.remote.RemoteWebDriver.startSession(RemoteWebDriver.java:213)
at org.openqa.selenium.remote.RemoteWebDriver.<init>(RemoteWebDriver.java:131)
at org.openqa.selenium.chrome.ChromeDriver.<init>(ChromeDriver.java:181)
at org.openqa.selenium.chrome.ChromeDriver.<init>(ChromeDriver.java:168)
at org.openqa.selenium.chrome.ChromeDriver.<init>(ChromeDriver.java:123)
at TestCases.Parallel.browserlaunch(Parallel.java:17)
at sun.reflect.NativeMethodAccessorImpl.invoke0(Native Method)
at sun.reflect.NativeMethodAccessorImpl.invoke(Unknown Source)
at sun.reflect.DelegatingMethodAccessorImpl.invoke(Unknown Source)
at java.lang.reflect.Method.invoke(Unknown Source)
at org.testng.internal.MethodInvocationHelper.invokeMethod(MethodInvocationHelper.java:124)
at org.testng.internal.MethodInvocationHelper.invokeMethodConsideringTimeout(MethodInvocationHelper.java:59)
at org.testng.internal.Invoker.invokeConfigurationMethod(Invoker.java:458)
at org.testng.internal.Invoker.invokeConfigurations(Invoker.java:222)
at org.testng.internal.Invoker.invokeConfigurations(Invoker.java:142)
at org.testng.TestRunner.beforeRun(TestRunner.java:529)
at org.testng.TestRunner.run(TestRunner.java:497)
at org.testng.SuiteRunner.runTest(SuiteRunner.java:455)
at org.testng.SuiteRunner.runSequentially(SuiteRunner.java:450)
at org.testng.SuiteRunner.privateRun(SuiteRunner.java:415)
at org.testng.SuiteRunner.run(SuiteRunner.java:364)
at org.testng.SuiteRunnerWorker.runSuite(SuiteRunnerWorker.java:52)
at org.testng.SuiteRunnerWorker.run(SuiteRunnerWorker.java:84)
at org.testng.TestNG.runSuitesSequentially(TestNG.java:1208)
at org.testng.TestNG.runSuitesLocally(TestNG.java:1137)
at org.testng.TestNG.runSuites(TestNG.java:1049)
at org.testng.TestNG.run(TestNG.java:1017)
at org.testng.remote.AbstractRemoteTestNG.run(AbstractRemoteTestNG.java:114)
at org.testng.remote.RemoteTestNG.initAndRun(RemoteTestNG.java:251)
at org.testng.remote.RemoteTestNG.main(RemoteTestNG.java:77)
]]>
            </full-stacktrace>
          </exception> <!-- org.openqa.selenium.SessionNotCreatedException -->
          <reporter-output>
          </reporter-output>
        </test-method> <!-- browserlaunch -->
        <test-method status="SKIP" signature="executSessionOne()[pri:0, instance:TestCases.Parallel@3e6fa38a]" name="executSessionOne" duration-ms="0" started-at="2021-07-20T01:03:25Z" finished-at="2021-07-20T01:03:25Z">
          <exception class="org.openqa.selenium.SessionNotCreatedException">
            <message>
              <![CDATA[session not created: This version of ChromeDriver only supports Chrome version 89
Current browser version is 91.0.4472.124 with binary path C:\Program Files\Google\Chrome\Application\chrome.exe
Build info: version: '3.141.5', revision: 'd54ebd709a', time: '2018-11-06T11:42:16'
System info: host: 'RAMMAHI-PC', ip: '192.168.0.5', os.name: 'Windows 7', os.arch: 'amd64', os.version: '6.1', java.version: '1.8.0_131'
Driver info: driver.version: ChromeDriver
remote stacktrace: Backtrace:
Ordinal0 [0x00AAE7D3+124883]
Ordinal0 [0x00AAE7B1+124849]
GetHandleVerifier [0x00CF8688+193832]
GetHandleVerifier [0x00D13AC5+305509]
GetHandleVerifier [0x00D1021B+291003]
GetHandleVerifier [0x00D0E0AC+282444]
GetHandleVerifier [0x00D34A90+440624]
GetHandleVerifier [0x00D347FC+439964]
GetHandleVerifier [0x00D3154B+426987]
GetHandleVerifier [0x00D14FFD+310941]
GetHandleVerifier [0x00D15D8E+314414]
GetHandleVerifier [0x00D15D19+314297]
GetHandleVerifier [0x00DD31EC+1089676]
GetHandleVerifier [0x00DD17C9+1082985]
GetHandleVerifier [0x00DD13A3+1081923]
GetHandleVerifier [0x00ECD9FD+2115741]
Ordinal0 [0x00BFB82E+1488942]
Ordinal0 [0x00B95A7D+1071741]
Ordinal0 [0x00B9559B+1070491]
Ordinal0 [0x00B954B1+1070257]
Ordinal0 [0x00BCFF53+1310547]
BaseThreadInitThunk [0x758E336A+18]
RtlInitializeExceptionChain [0x77D49F72+99]
RtlInitializeExceptionChain [0x77D49F45+54]
]]>
            </message>
            <full-stacktrace>
              <![CDATA[org.openqa.selenium.SessionNotCreatedException: session not created: This version of ChromeDriver only supports Chrome version 89
Current browser version is 91.0.4472.124 with binary path C:\Program Files\Google\Chrome\Application\chrome.exe
Build info: version: '3.141.5', revision: 'd54ebd709a', time: '2018-11-06T11:42:16'
System info: host: 'RAMMAHI-PC', ip: '192.168.0.5', os.name: 'Windows 7', os.arch: 'amd64', os.version: '6.1', java.version: '1.8.0_131'
Driver info: driver.version: ChromeDriver
remote stacktrace: Backtrace:
Ordinal0 [0x00AAE7D3+124883]
Ordinal0 [0x00AAE7B1+124849]
GetHandleVerifier [0x00CF8688+193832]
GetHandleVerifier [0x00D13AC5+305509]
GetHandleVerifier [0x00D1021B+291003]
GetHandleVerifier [0x00D0E0AC+282444]
GetHandleVerifier [0x00D34A90+440624]
GetHandleVerifier [0x00D347FC+439964]
GetHandleVerifier [0x00D3154B+426987]
GetHandleVerifier [0x00D14FFD+310941]
GetHandleVerifier [0x00D15D8E+314414]
GetHandleVerifier [0x00D15D19+314297]
GetHandleVerifier [0x00DD31EC+1089676]
GetHandleVerifier [0x00DD17C9+1082985]
GetHandleVerifier [0x00DD13A3+1081923]
GetHandleVerifier [0x00ECD9FD+2115741]
Ordinal0 [0x00BFB82E+1488942]
Ordinal0 [0x00B95A7D+1071741]
Ordinal0 [0x00B9559B+1070491]
Ordinal0 [0x00B954B1+1070257]
Ordinal0 [0x00BCFF53+1310547]
BaseThreadInitThunk [0x758E336A+18]
RtlInitializeExceptionChain [0x77D49F72+99]
RtlInitializeExceptionChain [0x77D49F45+54]

at sun.reflect.NativeConstructorAccessorImpl.newInstance0(Native Method)
at sun.reflect.NativeConstructorAccessorImpl.newInstance(Unknown Source)
at sun.reflect.DelegatingConstructorAccessorImpl.newInstance(Unknown Source)
at java.lang.reflect.Constructor.newInstance(Unknown Source)
at org.openqa.selenium.remote.W3CHandshakeResponse.lambda$errorHandler$0(W3CHandshakeResponse.java:62)
at org.openqa.selenium.remote.HandshakeResponse.lambda$getResponseFunction$0(HandshakeResponse.java:30)
at org.openqa.selenium.remote.ProtocolHandshake.lambda$createSession$0(ProtocolHandshake.java:123)
at java.util.stream.ReferencePipeline$3$1.accept(Unknown Source)
at java.util.Spliterators$ArraySpliterator.tryAdvance(Unknown Source)
at java.util.stream.ReferencePipeline.forEachWithCancel(Unknown Source)
at java.util.stream.AbstractPipeline.copyIntoWithCancel(Unknown Source)
at java.util.stream.AbstractPipeline.copyInto(Unknown Source)
at java.util.stream.AbstractPipeline.wrapAndCopyInto(Unknown Source)
at java.util.stream.FindOps$FindOp.evaluateSequential(Unknown Source)
at java.util.stream.AbstractPipeline.evaluate(Unknown Source)
at java.util.stream.ReferencePipeline.findFirst(Unknown Source)
at org.openqa.selenium.remote.ProtocolHandshake.createSession(ProtocolHandshake.java:125)
at org.openqa.selenium.remote.ProtocolHandshake.createSession(ProtocolHandshake.java:74)
at org.openqa.selenium.remote.HttpCommandExecutor.execute(HttpCommandExecutor.java:136)
at org.openqa.selenium.remote.service.DriverCommandExecutor.execute(DriverCommandExecutor.java:83)
at org.openqa.selenium.remote.RemoteWebDriver.execute(RemoteWebDriver.java:552)
at org.openqa.selenium.remote.RemoteWebDriver.startSession(RemoteWebDriver.java:213)
at org.openqa.selenium.remote.RemoteWebDriver.<init>(RemoteWebDriver.java:131)
at org.openqa.selenium.chrome.ChromeDriver.<init>(ChromeDriver.java:181)
at org.openqa.selenium.chrome.ChromeDriver.<init>(ChromeDriver.java:168)
at org.openqa.selenium.chrome.ChromeDriver.<init>(ChromeDriver.java:123)
at TestCases.Parallel.browserlaunch(Parallel.java:17)
at sun.reflect.NativeMethodAccessorImpl.invoke0(Native Method)
at sun.reflect.NativeMethodAccessorImpl.invoke(Unknown Source)
at sun.reflect.DelegatingMethodAccessorImpl.invoke(Unknown Source)
at java.lang.reflect.Method.invoke(Unknown Source)
at org.testng.internal.MethodInvocationHelper.invokeMethod(MethodInvocationHelper.java:124)
at org.testng.internal.MethodInvocationHelper.invokeMethodConsideringTimeout(MethodInvocationHelper.java:59)
at org.testng.internal.Invoker.invokeConfigurationMethod(Invoker.java:458)
at org.testng.internal.Invoker.invokeConfigurations(Invoker.java:222)
at org.testng.internal.Invoker.invokeConfigurations(Invoker.java:142)
at org.testng.TestRunner.beforeRun(TestRunner.java:529)
at org.testng.TestRunner.run(TestRunner.java:497)
at org.testng.SuiteRunner.runTest(SuiteRunner.java:455)
at org.testng.SuiteRunner.runSequentially(SuiteRunner.java:450)
at org.testng.SuiteRunner.privateRun(SuiteRunner.java:415)
at org.testng.SuiteRunner.run(SuiteRunner.java:364)
at org.testng.SuiteRunnerWorker.runSuite(SuiteRunnerWorker.java:52)
at org.testng.SuiteRunnerWorker.run(SuiteRunnerWorker.java:84)
at org.testng.TestNG.runSuitesSequentially(TestNG.java:1208)
at org.testng.TestNG.runSuitesLocally(TestNG.java:1137)
at org.testng.TestNG.runSuites(TestNG.java:1049)
at org.testng.TestNG.run(TestNG.java:1017)
at org.testng.remote.AbstractRemoteTestNG.run(AbstractRemoteTestNG.java:114)
at org.testng.remote.RemoteTestNG.initAndRun(RemoteTestNG.java:251)
at org.testng.remote.RemoteTestNG.main(RemoteTestNG.java:77)
]]>
            </full-stacktrace>
          </exception> <!-- org.openqa.selenium.SessionNotCreatedException -->
          <reporter-output>
          </reporter-output>
        </test-method> <!-- executSessionOne -->
        <test-method status="SKIP" signature="executSessionThree()[pri:0, instance:TestCases.Parallel@3e6fa38a]" name="executSessionThree" duration-ms="0" started-at="2021-07-20T01:03:25Z" finished-at="2021-07-20T01:03:25Z">
          <exception class="org.openqa.selenium.SessionNotCreatedException">
            <message>
              <![CDATA[session not created: This version of ChromeDriver only supports Chrome version 89
Current browser version is 91.0.4472.124 with binary path C:\Program Files\Google\Chrome\Application\chrome.exe
Build info: version: '3.141.5', revision: 'd54ebd709a', time: '2018-11-06T11:42:16'
System info: host: 'RAMMAHI-PC', ip: '192.168.0.5', os.name: 'Windows 7', os.arch: 'amd64', os.version: '6.1', java.version: '1.8.0_131'
Driver info: driver.version: ChromeDriver
remote stacktrace: Backtrace:
Ordinal0 [0x00AAE7D3+124883]
Ordinal0 [0x00AAE7B1+124849]
GetHandleVerifier [0x00CF8688+193832]
GetHandleVerifier [0x00D13AC5+305509]
GetHandleVerifier [0x00D1021B+291003]
GetHandleVerifier [0x00D0E0AC+282444]
GetHandleVerifier [0x00D34A90+440624]
GetHandleVerifier [0x00D347FC+439964]
GetHandleVerifier [0x00D3154B+426987]
GetHandleVerifier [0x00D14FFD+310941]
GetHandleVerifier [0x00D15D8E+314414]
GetHandleVerifier [0x00D15D19+314297]
GetHandleVerifier [0x00DD31EC+1089676]
GetHandleVerifier [0x00DD17C9+1082985]
GetHandleVerifier [0x00DD13A3+1081923]
GetHandleVerifier [0x00ECD9FD+2115741]
Ordinal0 [0x00BFB82E+1488942]
Ordinal0 [0x00B95A7D+1071741]
Ordinal0 [0x00B9559B+1070491]
Ordinal0 [0x00B954B1+1070257]
Ordinal0 [0x00BCFF53+1310547]
BaseThreadInitThunk [0x758E336A+18]
RtlInitializeExceptionChain [0x77D49F72+99]
RtlInitializeExceptionChain [0x77D49F45+54]
]]>
            </message>
            <full-stacktrace>
              <![CDATA[org.openqa.selenium.SessionNotCreatedException: session not created: This version of ChromeDriver only supports Chrome version 89
Current browser version is 91.0.4472.124 with binary path C:\Program Files\Google\Chrome\Application\chrome.exe
Build info: version: '3.141.5', revision: 'd54ebd709a', time: '2018-11-06T11:42:16'
System info: host: 'RAMMAHI-PC', ip: '192.168.0.5', os.name: 'Windows 7', os.arch: 'amd64', os.version: '6.1', java.version: '1.8.0_131'
Driver info: driver.version: ChromeDriver
remote stacktrace: Backtrace:
Ordinal0 [0x00AAE7D3+124883]
Ordinal0 [0x00AAE7B1+124849]
GetHandleVerifier [0x00CF8688+193832]
GetHandleVerifier [0x00D13AC5+305509]
GetHandleVerifier [0x00D1021B+291003]
GetHandleVerifier [0x00D0E0AC+282444]
GetHandleVerifier [0x00D34A90+440624]
GetHandleVerifier [0x00D347FC+439964]
GetHandleVerifier [0x00D3154B+426987]
GetHandleVerifier [0x00D14FFD+310941]
GetHandleVerifier [0x00D15D8E+314414]
GetHandleVerifier [0x00D15D19+314297]
GetHandleVerifier [0x00DD31EC+1089676]
GetHandleVerifier [0x00DD17C9+1082985]
GetHandleVerifier [0x00DD13A3+1081923]
GetHandleVerifier [0x00ECD9FD+2115741]
Ordinal0 [0x00BFB82E+1488942]
Ordinal0 [0x00B95A7D+1071741]
Ordinal0 [0x00B9559B+1070491]
Ordinal0 [0x00B954B1+1070257]
Ordinal0 [0x00BCFF53+1310547]
BaseThreadInitThunk [0x758E336A+18]
RtlInitializeExceptionChain [0x77D49F72+99]
RtlInitializeExceptionChain [0x77D49F45+54]

at sun.reflect.NativeConstructorAccessorImpl.newInstance0(Native Method)
at sun.reflect.NativeConstructorAccessorImpl.newInstance(Unknown Source)
at sun.reflect.DelegatingConstructorAccessorImpl.newInstance(Unknown Source)
at java.lang.reflect.Constructor.newInstance(Unknown Source)
at org.openqa.selenium.remote.W3CHandshakeResponse.lambda$errorHandler$0(W3CHandshakeResponse.java:62)
at org.openqa.selenium.remote.HandshakeResponse.lambda$getResponseFunction$0(HandshakeResponse.java:30)
at org.openqa.selenium.remote.ProtocolHandshake.lambda$createSession$0(ProtocolHandshake.java:123)
at java.util.stream.ReferencePipeline$3$1.accept(Unknown Source)
at java.util.Spliterators$ArraySpliterator.tryAdvance(Unknown Source)
at java.util.stream.ReferencePipeline.forEachWithCancel(Unknown Source)
at java.util.stream.AbstractPipeline.copyIntoWithCancel(Unknown Source)
at java.util.stream.AbstractPipeline.copyInto(Unknown Source)
at java.util.stream.AbstractPipeline.wrapAndCopyInto(Unknown Source)
at java.util.stream.FindOps$FindOp.evaluateSequential(Unknown Source)
at java.util.stream.AbstractPipeline.evaluate(Unknown Source)
at java.util.stream.ReferencePipeline.findFirst(Unknown Source)
at org.openqa.selenium.remote.ProtocolHandshake.createSession(ProtocolHandshake.java:125)
at org.openqa.selenium.remote.ProtocolHandshake.createSession(ProtocolHandshake.java:74)
at org.openqa.selenium.remote.HttpCommandExecutor.execute(HttpCommandExecutor.java:136)
at org.openqa.selenium.remote.service.DriverCommandExecutor.execute(DriverCommandExecutor.java:83)
at org.openqa.selenium.remote.RemoteWebDriver.execute(RemoteWebDriver.java:552)
at org.openqa.selenium.remote.RemoteWebDriver.startSession(RemoteWebDriver.java:213)
at org.openqa.selenium.remote.RemoteWebDriver.<init>(RemoteWebDriver.java:131)
at org.openqa.selenium.chrome.ChromeDriver.<init>(ChromeDriver.java:181)
at org.openqa.selenium.chrome.ChromeDriver.<init>(ChromeDriver.java:168)
at org.openqa.selenium.chrome.ChromeDriver.<init>(ChromeDriver.java:123)
at TestCases.Parallel.browserlaunch(Parallel.java:17)
at sun.reflect.NativeMethodAccessorImpl.invoke0(Native Method)
at sun.reflect.NativeMethodAccessorImpl.invoke(Unknown Source)
at sun.reflect.DelegatingMethodAccessorImpl.invoke(Unknown Source)
at java.lang.reflect.Method.invoke(Unknown Source)
at org.testng.internal.MethodInvocationHelper.invokeMethod(MethodInvocationHelper.java:124)
at org.testng.internal.MethodInvocationHelper.invokeMethodConsideringTimeout(MethodInvocationHelper.java:59)
at org.testng.internal.Invoker.invokeConfigurationMethod(Invoker.java:458)
at org.testng.internal.Invoker.invokeConfigurations(Invoker.java:222)
at org.testng.internal.Invoker.invokeConfigurations(Invoker.java:142)
at org.testng.TestRunner.beforeRun(TestRunner.java:529)
at org.testng.TestRunner.run(TestRunner.java:497)
at org.testng.SuiteRunner.runTest(SuiteRunner.java:455)
at org.testng.SuiteRunner.runSequentially(SuiteRunner.java:450)
at org.testng.SuiteRunner.privateRun(SuiteRunner.java:415)
at org.testng.SuiteRunner.run(SuiteRunner.java:364)
at org.testng.SuiteRunnerWorker.runSuite(SuiteRunnerWorker.java:52)
at org.testng.SuiteRunnerWorker.run(SuiteRunnerWorker.java:84)
at org.testng.TestNG.runSuitesSequentially(TestNG.java:1208)
at org.testng.TestNG.runSuitesLocally(TestNG.java:1137)
at org.testng.TestNG.runSuites(TestNG.java:1049)
at org.testng.TestNG.run(TestNG.java:1017)
at org.testng.remote.AbstractRemoteTestNG.run(AbstractRemoteTestNG.java:114)
at org.testng.remote.RemoteTestNG.initAndRun(RemoteTestNG.java:251)
at org.testng.remote.RemoteTestNG.main(RemoteTestNG.java:77)
]]>
            </full-stacktrace>
          </exception> <!-- org.openqa.selenium.SessionNotCreatedException -->
          <reporter-output>
          </reporter-output>
        </test-method> <!-- executSessionThree -->
        <test-method status="SKIP" signature="executeSessionTwo()[pri:0, instance:TestCases.Parallel@3e6fa38a]" name="executeSessionTwo" duration-ms="0" started-at="2021-07-20T01:03:25Z" finished-at="2021-07-20T01:03:25Z">
          <exception class="org.openqa.selenium.SessionNotCreatedException">
            <message>
              <![CDATA[session not created: This version of ChromeDriver only supports Chrome version 89
Current browser version is 91.0.4472.124 with binary path C:\Program Files\Google\Chrome\Application\chrome.exe
Build info: version: '3.141.5', revision: 'd54ebd709a', time: '2018-11-06T11:42:16'
System info: host: 'RAMMAHI-PC', ip: '192.168.0.5', os.name: 'Windows 7', os.arch: 'amd64', os.version: '6.1', java.version: '1.8.0_131'
Driver info: driver.version: ChromeDriver
remote stacktrace: Backtrace:
Ordinal0 [0x00AAE7D3+124883]
Ordinal0 [0x00AAE7B1+124849]
GetHandleVerifier [0x00CF8688+193832]
GetHandleVerifier [0x00D13AC5+305509]
GetHandleVerifier [0x00D1021B+291003]
GetHandleVerifier [0x00D0E0AC+282444]
GetHandleVerifier [0x00D34A90+440624]
GetHandleVerifier [0x00D347FC+439964]
GetHandleVerifier [0x00D3154B+426987]
GetHandleVerifier [0x00D14FFD+310941]
GetHandleVerifier [0x00D15D8E+314414]
GetHandleVerifier [0x00D15D19+314297]
GetHandleVerifier [0x00DD31EC+1089676]
GetHandleVerifier [0x00DD17C9+1082985]
GetHandleVerifier [0x00DD13A3+1081923]
GetHandleVerifier [0x00ECD9FD+2115741]
Ordinal0 [0x00BFB82E+1488942]
Ordinal0 [0x00B95A7D+1071741]
Ordinal0 [0x00B9559B+1070491]
Ordinal0 [0x00B954B1+1070257]
Ordinal0 [0x00BCFF53+1310547]
BaseThreadInitThunk [0x758E336A+18]
RtlInitializeExceptionChain [0x77D49F72+99]
RtlInitializeExceptionChain [0x77D49F45+54]
]]>
            </message>
            <full-stacktrace>
              <![CDATA[org.openqa.selenium.SessionNotCreatedException: session not created: This version of ChromeDriver only supports Chrome version 89
Current browser version is 91.0.4472.124 with binary path C:\Program Files\Google\Chrome\Application\chrome.exe
Build info: version: '3.141.5', revision: 'd54ebd709a', time: '2018-11-06T11:42:16'
System info: host: 'RAMMAHI-PC', ip: '192.168.0.5', os.name: 'Windows 7', os.arch: 'amd64', os.version: '6.1', java.version: '1.8.0_131'
Driver info: driver.version: ChromeDriver
remote stacktrace: Backtrace:
Ordinal0 [0x00AAE7D3+124883]
Ordinal0 [0x00AAE7B1+124849]
GetHandleVerifier [0x00CF8688+193832]
GetHandleVerifier [0x00D13AC5+305509]
GetHandleVerifier [0x00D1021B+291003]
GetHandleVerifier [0x00D0E0AC+282444]
GetHandleVerifier [0x00D34A90+440624]
GetHandleVerifier [0x00D347FC+439964]
GetHandleVerifier [0x00D3154B+426987]
GetHandleVerifier [0x00D14FFD+310941]
GetHandleVerifier [0x00D15D8E+314414]
GetHandleVerifier [0x00D15D19+314297]
GetHandleVerifier [0x00DD31EC+1089676]
GetHandleVerifier [0x00DD17C9+1082985]
GetHandleVerifier [0x00DD13A3+1081923]
GetHandleVerifier [0x00ECD9FD+2115741]
Ordinal0 [0x00BFB82E+1488942]
Ordinal0 [0x00B95A7D+1071741]
Ordinal0 [0x00B9559B+1070491]
Ordinal0 [0x00B954B1+1070257]
Ordinal0 [0x00BCFF53+1310547]
BaseThreadInitThunk [0x758E336A+18]
RtlInitializeExceptionChain [0x77D49F72+99]
RtlInitializeExceptionChain [0x77D49F45+54]

at sun.reflect.NativeConstructorAccessorImpl.newInstance0(Native Method)
at sun.reflect.NativeConstructorAccessorImpl.newInstance(Unknown Source)
at sun.reflect.DelegatingConstructorAccessorImpl.newInstance(Unknown Source)
at java.lang.reflect.Constructor.newInstance(Unknown Source)
at org.openqa.selenium.remote.W3CHandshakeResponse.lambda$errorHandler$0(W3CHandshakeResponse.java:62)
at org.openqa.selenium.remote.HandshakeResponse.lambda$getResponseFunction$0(HandshakeResponse.java:30)
at org.openqa.selenium.remote.ProtocolHandshake.lambda$createSession$0(ProtocolHandshake.java:123)
at java.util.stream.ReferencePipeline$3$1.accept(Unknown Source)
at java.util.Spliterators$ArraySpliterator.tryAdvance(Unknown Source)
at java.util.stream.ReferencePipeline.forEachWithCancel(Unknown Source)
at java.util.stream.AbstractPipeline.copyIntoWithCancel(Unknown Source)
at java.util.stream.AbstractPipeline.copyInto(Unknown Source)
at java.util.stream.AbstractPipeline.wrapAndCopyInto(Unknown Source)
at java.util.stream.FindOps$FindOp.evaluateSequential(Unknown Source)
at java.util.stream.AbstractPipeline.evaluate(Unknown Source)
at java.util.stream.ReferencePipeline.findFirst(Unknown Source)
at org.openqa.selenium.remote.ProtocolHandshake.createSession(ProtocolHandshake.java:125)
at org.openqa.selenium.remote.ProtocolHandshake.createSession(ProtocolHandshake.java:74)
at org.openqa.selenium.remote.HttpCommandExecutor.execute(HttpCommandExecutor.java:136)
at org.openqa.selenium.remote.service.DriverCommandExecutor.execute(DriverCommandExecutor.java:83)
at org.openqa.selenium.remote.RemoteWebDriver.execute(RemoteWebDriver.java:552)
at org.openqa.selenium.remote.RemoteWebDriver.startSession(RemoteWebDriver.java:213)
at org.openqa.selenium.remote.RemoteWebDriver.<init>(RemoteWebDriver.java:131)
at org.openqa.selenium.chrome.ChromeDriver.<init>(ChromeDriver.java:181)
at org.openqa.selenium.chrome.ChromeDriver.<init>(ChromeDriver.java:168)
at org.openqa.selenium.chrome.ChromeDriver.<init>(ChromeDriver.java:123)
at TestCases.Parallel.browserlaunch(Parallel.java:17)
at sun.reflect.NativeMethodAccessorImpl.invoke0(Native Method)
at sun.reflect.NativeMethodAccessorImpl.invoke(Unknown Source)
at sun.reflect.DelegatingMethodAccessorImpl.invoke(Unknown Source)
at java.lang.reflect.Method.invoke(Unknown Source)
at org.testng.internal.MethodInvocationHelper.invokeMethod(MethodInvocationHelper.java:124)
at org.testng.internal.MethodInvocationHelper.invokeMethodConsideringTimeout(MethodInvocationHelper.java:59)
at org.testng.internal.Invoker.invokeConfigurationMethod(Invoker.java:458)
at org.testng.internal.Invoker.invokeConfigurations(Invoker.java:222)
at org.testng.internal.Invoker.invokeConfigurations(Invoker.java:142)
at org.testng.TestRunner.beforeRun(TestRunner.java:529)
at org.testng.TestRunner.run(TestRunner.java:497)
at org.testng.SuiteRunner.runTest(SuiteRunner.java:455)
at org.testng.SuiteRunner.runSequentially(SuiteRunner.java:450)
at org.testng.SuiteRunner.privateRun(SuiteRunner.java:415)
at org.testng.SuiteRunner.run(SuiteRunner.java:364)
at org.testng.SuiteRunnerWorker.runSuite(SuiteRunnerWorker.java:52)
at org.testng.SuiteRunnerWorker.run(SuiteRunnerWorker.java:84)
at org.testng.TestNG.runSuitesSequentially(TestNG.java:1208)
at org.testng.TestNG.runSuitesLocally(TestNG.java:1137)
at org.testng.TestNG.runSuites(TestNG.java:1049)
at org.testng.TestNG.run(TestNG.java:1017)
at org.testng.remote.AbstractRemoteTestNG.run(AbstractRemoteTestNG.java:114)
at org.testng.remote.RemoteTestNG.initAndRun(RemoteTestNG.java:251)
at org.testng.remote.RemoteTestNG.main(RemoteTestNG.java:77)
]]>
            </full-stacktrace>
          </exception> <!-- org.openqa.selenium.SessionNotCreatedException -->
          <reporter-output>
          </reporter-output>
        </test-method> <!-- executeSessionTwo -->
      </class> <!-- TestCases.Parallel -->
    </test> <!-- Test -->
  </suite> <!-- Suite_parallel -->
</testng-results>
