<?xml version="1.0" encoding="UTF-8"?>
<!-- Generated by org.testng.reporters.JUnitXMLReporter -->
<testsuite hostname="RamMahi-PC" ignored="0" name="Test" tests="3" failures="0" timestamp="20 Jul 2021 01:03:25 GMT" time="10.368" errors="0">
  <testcase name="@BeforeTest browserlaunch" time="10.298" classname="TestCases.Parallel">
    <failure type="org.openqa.selenium.SessionNotCreatedException" message="session not created: This version of ChromeDriver only supports Chrome version 89
Current browser version is 91.0.4472.124 with binary path C:\Program Files\Google\Chrome\Application\chrome.exe
Build info: version: &amp;apos;3.141.5&amp;apos;, revision: &amp;apos;d54ebd709a&amp;apos;, time: &amp;apos;2018-11-06T11:42:16&amp;apos;
System info: host: &amp;apos;RAMMAHI-PC&amp;apos;, ip: &amp;apos;192.168.0.5&amp;apos;, os.name: &amp;apos;Windows 7&amp;apos;, os.arch: &amp;apos;amd64&amp;apos;, os.version: &amp;apos;6.1&amp;apos;, java.version: &amp;apos;1.8.0_131&amp;apos;
Driver info: driver.version: ChromeDriver
remote stacktrace: Backtrace:
	Ordinal0 [0x00AAE7D3+124883]
	Ordinal0 [0x00AAE7B1+124849]
	GetHandleVerifier [0x00CF8688+193832]
	GetHandleVerifier [0x00D13AC5+305509]
	GetHandleVerifier [0x00D1021B+291003]
	GetHandleVerifier [0x00D0E0AC+282444]
	GetHandleVerifier [0x00D34A90+440624]
	GetHandleVerifier [0x00D347FC+439964]
	GetHandleVerifier [0x00D3154B+426987]
	GetHandleVerifier [0x00D14FFD+310941]
	GetHandleVerifier [0x00D15D8E+314414]
	GetHandleVerifier [0x00D15D19+314297]
	GetHandleVerifier [0x00DD31EC+1089676]
	GetHandleVerifier [0x00DD17C9+1082985]
	GetHandleVerifier [0x00DD13A3+1081923]
	GetHandleVerifier [0x00ECD9FD+2115741]
	Ordinal0 [0x00BFB82E+1488942]
	Ordinal0 [0x00B95A7D+1071741]
	Ordinal0 [0x00B9559B+1070491]
	Ordinal0 [0x00B954B1+1070257]
	Ordinal0 [0x00BCFF53+1310547]
	BaseThreadInitThunk [0x758E336A+18]
	RtlInitializeExceptionChain [0x77D49F72+99]
	RtlInitializeExceptionChain [0x77D49F45+54]
">
      <![CDATA[org.openqa.selenium.SessionNotCreatedException: session not created: This version of ChromeDriver only supports Chrome version 89
Current browser version is 91.0.4472.124 with binary path C:\Program Files\Google\Chrome\Application\chrome.exe
Build info: version: '3.141.5', revision: 'd54ebd709a', time: '2018-11-06T11:42:16'
System info: host: 'RAMMAHI-PC', ip: '192.168.0.5', os.name: 'Windows 7', os.arch: 'amd64', os.version: '6.1', java.version: '1.8.0_131'
Driver info: driver.version: ChromeDriver
remote stacktrace: Backtrace:
Ordinal0 [0x00AAE7D3+124883]
Ordinal0 [0x00AAE7B1+124849]
GetHandleVerifier [0x00CF8688+193832]
GetHandleVerifier [0x00D13AC5+305509]
GetHandleVerifier [0x00D1021B+291003]
GetHandleVerifier [0x00D0E0AC+282444]
GetHandleVerifier [0x00D34A90+440624]
GetHandleVerifier [0x00D347FC+439964]
GetHandleVerifier [0x00D3154B+426987]
GetHandleVerifier [0x00D14FFD+310941]
GetHandleVerifier [0x00D15D8E+314414]
GetHandleVerifier [0x00D15D19+314297]
GetHandleVerifier [0x00DD31EC+1089676]
GetHandleVerifier [0x00DD17C9+1082985]
GetHandleVerifier [0x00DD13A3+1081923]
GetHandleVerifier [0x00ECD9FD+2115741]
Ordinal0 [0x00BFB82E+1488942]
Ordinal0 [0x00B95A7D+1071741]
Ordinal0 [0x00B9559B+1070491]
Ordinal0 [0x00B954B1+1070257]
Ordinal0 [0x00BCFF53+1310547]
BaseThreadInitThunk [0x758E336A+18]
RtlInitializeExceptionChain [0x77D49F72+99]
RtlInitializeExceptionChain [0x77D49F45+54]

at org.openqa.selenium.remote.W3CHandshakeResponse.lambda$errorHandler$0(W3CHandshakeResponse.java:62)
at org.openqa.selenium.remote.HandshakeResponse.lambda$getResponseFunction$0(HandshakeResponse.java:30)
at org.openqa.selenium.remote.ProtocolHandshake.lambda$createSession$0(ProtocolHandshake.java:123)
at java.util.stream.ReferencePipeline$3$1.accept(Unknown Source)
at java.util.Spliterators$ArraySpliterator.tryAdvance(Unknown Source)
at java.util.stream.ReferencePipeline.forEachWithCancel(Unknown Source)
at java.util.stream.AbstractPipeline.copyIntoWithCancel(Unknown Source)
at java.util.stream.AbstractPipeline.copyInto(Unknown Source)
at java.util.stream.AbstractPipeline.wrapAndCopyInto(Unknown Source)
at java.util.stream.FindOps$FindOp.evaluateSequential(Unknown Source)
at java.util.stream.AbstractPipeline.evaluate(Unknown Source)
at java.util.stream.ReferencePipeline.findFirst(Unknown Source)
at org.openqa.selenium.remote.ProtocolHandshake.createSession(ProtocolHandshake.java:125)
at org.openqa.selenium.remote.ProtocolHandshake.createSession(ProtocolHandshake.java:74)
at org.openqa.selenium.remote.HttpCommandExecutor.execute(HttpCommandExecutor.java:136)
at org.openqa.selenium.remote.service.DriverCommandExecutor.execute(DriverCommandExecutor.java:83)
at org.openqa.selenium.remote.RemoteWebDriver.execute(RemoteWebDriver.java:552)
at org.openqa.selenium.remote.RemoteWebDriver.startSession(RemoteWebDriver.java:213)
at org.openqa.selenium.remote.RemoteWebDriver.<init>(RemoteWebDriver.java:131)
at org.openqa.selenium.chrome.ChromeDriver.<init>(ChromeDriver.java:181)
at org.openqa.selenium.chrome.ChromeDriver.<init>(ChromeDriver.java:168)
at org.openqa.selenium.chrome.ChromeDriver.<init>(ChromeDriver.java:123)
at TestCases.Parallel.browserlaunch(Parallel.java:17)
... Removed 28 stack frames]]>
    </failure>
  </testcase> <!-- @BeforeTest browserlaunch -->
  <testcase name="executeSessionTwo" time="0.0" classname="TestCases.Parallel">
    <skipped/>
  </testcase> <!-- executeSessionTwo -->
  <testcase name="executSessionThree" time="0.0" classname="TestCases.Parallel">
    <skipped/>
  </testcase> <!-- executSessionThree -->
  <testcase name="executSessionOne" time="0.0" classname="TestCases.Parallel">
    <skipped/>
  </testcase> <!-- executSessionOne -->
</testsuite> <!-- Test -->
