<?xml version="1.0" encoding="UTF-8"?>
<!-- Generated by org.testng.reporters.JUnitReportReporter -->
<testsuite skipped="1" hostname="RamMahi-PC" name="TestCases.BrokenLinks" tests="2" failures="0" timestamp="09 Aug 2021 13:13:47 GMT" time="3.001" errors="1">
  <testcase name="Alllinks" time="0.000" classname="TestCases.BrokenLinks">
    <skipped/>
  </testcase> <!-- Alllinks -->
  <testcase name="browserlaunch" time="3.001" classname="TestCases.BrokenLinks">
    <error type="org.openqa.selenium.SessionNotCreatedException" message="session not created: This version of ChromeDriver only supports Chrome version 89
Current browser version is 92.0.4515.131 with binary path C:\Program Files\Google\Chrome\Application\chrome.exe
Build info: version: &#039;3.141.5&#039;, revision: &#039;d54ebd709a&#039;, time: &#039;2018-11-06T11:42:16&#039;
System info: host: &#039;RAMMAHI-PC&#039;, ip: &#039;192.168.0.5&#039;, os.name: &#039;Windows 7&#039;, os.arch: &#039;amd64&#039;, os.version: &#039;6.1&#039;, java.version: &#039;1.8.0_131&#039;
Driver info: driver.version: ChromeDriver
remote stacktrace: Backtrace:
	Ordinal0 [0x0103E7D3+124883]
	Ordinal0 [0x0103E7B1+124849]
	GetHandleVerifier [0x01288688+193832]
	GetHandleVerifier [0x012A3AC5+305509]
	GetHandleVerifier [0x012A021B+291003]
	GetHandleVerifier [0x0129E0AC+282444]
	GetHandleVerifier [0x012C4A90+440624]
	GetHandleVerifier [0x012C47FC+439964]
	GetHandleVerifier [0x012C154B+426987]
	GetHandleVerifier [0x012A4FFD+310941]
	GetHandleVerifier [0x012A5D8E+314414]
	GetHandleVerifier [0x012A5D19+314297]
	GetHandleVerifier [0x013631EC+1089676]
	GetHandleVerifier [0x013617C9+1082985]
	GetHandleVerifier [0x013613A3+1081923]
	GetHandleVerifier [0x0145D9FD+2115741]
	Ordinal0 [0x0118B82E+1488942]
	Ordinal0 [0x01125A7D+1071741]
	Ordinal0 [0x0112559B+1070491]
	Ordinal0 [0x011254B1+1070257]
	Ordinal0 [0x0115FF53+1310547]
	BaseThreadInitThunk [0x767D336A+18]
	RtlInitializeExceptionChain [0x77259F72+99]
	RtlInitializeExceptionChain [0x77259F45+54]
">
      <![CDATA[org.openqa.selenium.SessionNotCreatedException: session not created: This version of ChromeDriver only supports Chrome version 89
Current browser version is 92.0.4515.131 with binary path C:\Program Files\Google\Chrome\Application\chrome.exe
Build info: version: '3.141.5', revision: 'd54ebd709a', time: '2018-11-06T11:42:16'
System info: host: 'RAMMAHI-PC', ip: '192.168.0.5', os.name: 'Windows 7', os.arch: 'amd64', os.version: '6.1', java.version: '1.8.0_131'
Driver info: driver.version: ChromeDriver
remote stacktrace: Backtrace:
Ordinal0 [0x0103E7D3+124883]
Ordinal0 [0x0103E7B1+124849]
GetHandleVerifier [0x01288688+193832]
GetHandleVerifier [0x012A3AC5+305509]
GetHandleVerifier [0x012A021B+291003]
GetHandleVerifier [0x0129E0AC+282444]
GetHandleVerifier [0x012C4A90+440624]
GetHandleVerifier [0x012C47FC+439964]
GetHandleVerifier [0x012C154B+426987]
GetHandleVerifier [0x012A4FFD+310941]
GetHandleVerifier [0x012A5D8E+314414]
GetHandleVerifier [0x012A5D19+314297]
GetHandleVerifier [0x013631EC+1089676]
GetHandleVerifier [0x013617C9+1082985]
GetHandleVerifier [0x013613A3+1081923]
GetHandleVerifier [0x0145D9FD+2115741]
Ordinal0 [0x0118B82E+1488942]
Ordinal0 [0x01125A7D+1071741]
Ordinal0 [0x0112559B+1070491]
Ordinal0 [0x011254B1+1070257]
Ordinal0 [0x0115FF53+1310547]
BaseThreadInitThunk [0x767D336A+18]
RtlInitializeExceptionChain [0x77259F72+99]
RtlInitializeExceptionChain [0x77259F45+54]

at sun.reflect.NativeConstructorAccessorImpl.newInstance0(Native Method)
at sun.reflect.NativeConstructorAccessorImpl.newInstance(Unknown Source)
at sun.reflect.DelegatingConstructorAccessorImpl.newInstance(Unknown Source)
at java.lang.reflect.Constructor.newInstance(Unknown Source)
at org.openqa.selenium.remote.W3CHandshakeResponse.lambda$errorHandler$0(W3CHandshakeResponse.java:62)
at org.openqa.selenium.remote.HandshakeResponse.lambda$getResponseFunction$0(HandshakeResponse.java:30)
at org.openqa.selenium.remote.ProtocolHandshake.lambda$createSession$0(ProtocolHandshake.java:123)
at java.util.stream.ReferencePipeline$3$1.accept(Unknown Source)
at java.util.Spliterators$ArraySpliterator.tryAdvance(Unknown Source)
at java.util.stream.ReferencePipeline.forEachWithCancel(Unknown Source)
at java.util.stream.AbstractPipeline.copyIntoWithCancel(Unknown Source)
at java.util.stream.AbstractPipeline.copyInto(Unknown Source)
at java.util.stream.AbstractPipeline.wrapAndCopyInto(Unknown Source)
at java.util.stream.FindOps$FindOp.evaluateSequential(Unknown Source)
at java.util.stream.AbstractPipeline.evaluate(Unknown Source)
at java.util.stream.ReferencePipeline.findFirst(Unknown Source)
at org.openqa.selenium.remote.ProtocolHandshake.createSession(ProtocolHandshake.java:125)
at org.openqa.selenium.remote.ProtocolHandshake.createSession(ProtocolHandshake.java:74)
at org.openqa.selenium.remote.HttpCommandExecutor.execute(HttpCommandExecutor.java:136)
at org.openqa.selenium.remote.service.DriverCommandExecutor.execute(DriverCommandExecutor.java:83)
at org.openqa.selenium.remote.RemoteWebDriver.execute(RemoteWebDriver.java:552)
at org.openqa.selenium.remote.RemoteWebDriver.startSession(RemoteWebDriver.java:213)
at org.openqa.selenium.remote.RemoteWebDriver.<init>(RemoteWebDriver.java:131)
at org.openqa.selenium.chrome.ChromeDriver.<init>(ChromeDriver.java:181)
at org.openqa.selenium.chrome.ChromeDriver.<init>(ChromeDriver.java:168)
at org.openqa.selenium.chrome.ChromeDriver.<init>(ChromeDriver.java:123)
at TestCases.BrokenLinks.browserlaunch(BrokenLinks.java:53)
at sun.reflect.NativeMethodAccessorImpl.invoke0(Native Method)
at sun.reflect.NativeMethodAccessorImpl.invoke(Unknown Source)
at sun.reflect.DelegatingMethodAccessorImpl.invoke(Unknown Source)
at java.lang.reflect.Method.invoke(Unknown Source)
at org.testng.internal.MethodInvocationHelper.invokeMethod(MethodInvocationHelper.java:124)
at org.testng.internal.MethodInvocationHelper.invokeMethodConsideringTimeout(MethodInvocationHelper.java:59)
at org.testng.internal.Invoker.invokeConfigurationMethod(Invoker.java:458)
at org.testng.internal.Invoker.invokeConfigurations(Invoker.java:222)
at org.testng.internal.Invoker.invokeMethod(Invoker.java:523)
at org.testng.internal.Invoker.invokeTestMethod(Invoker.java:719)
at org.testng.internal.Invoker.invokeTestMethods(Invoker.java:989)
at org.testng.internal.TestMethodWorker.invokeTestMethods(TestMethodWorker.java:125)
at org.testng.internal.TestMethodWorker.run(TestMethodWorker.java:109)
at org.testng.TestRunner.privateRun(TestRunner.java:648)
at org.testng.TestRunner.run(TestRunner.java:505)
at org.testng.SuiteRunner.runTest(SuiteRunner.java:455)
at org.testng.SuiteRunner.runSequentially(SuiteRunner.java:450)
at org.testng.SuiteRunner.privateRun(SuiteRunner.java:415)
at org.testng.SuiteRunner.run(SuiteRunner.java:364)
at org.testng.SuiteRunnerWorker.runSuite(SuiteRunnerWorker.java:52)
at org.testng.SuiteRunnerWorker.run(SuiteRunnerWorker.java:84)
at org.testng.TestNG.runSuitesSequentially(TestNG.java:1208)
at org.testng.TestNG.runSuitesLocally(TestNG.java:1137)
at org.testng.TestNG.runSuites(TestNG.java:1049)
at org.testng.TestNG.run(TestNG.java:1017)
at org.testng.remote.AbstractRemoteTestNG.run(AbstractRemoteTestNG.java:114)
at org.testng.remote.RemoteTestNG.initAndRun(RemoteTestNG.java:251)
at org.testng.remote.RemoteTestNG.main(RemoteTestNG.java:77)
]]>
    </error>
  </testcase> <!-- browserlaunch -->
</testsuite> <!-- TestCases.BrokenLinks -->
